<?xml version="1.0" encoding="UTF-8"?>
<!-- Generated by org.testng.reporters.JUnitReportReporter -->
<testsuite skipped="0" hostname="SUSLAP-2017-213" name="com.smartusys.apitest.LoginTest" tests="1" failures="0" timestamp="27 Jun 2017 11:33:40 GMT" time="3.295" errors="0">
  <testcase name="Test_01_ValidLogin" time="3.295" classname="com.smartusys.apitest.LoginTest"/>
</testsuite> <!-- com.smartusys.apitest.LoginTest -->
