<?xml version="1.0" encoding="UTF-8"?>
<!-- Generated by org.testng.reporters.JUnitReportReporter -->
<testsuite skipped="0" hostname="SUSLAP-2017-213" name="com.smartusys.apitest.WeatherGetRequest" tests="1" failures="0" timestamp="23 Jun 2017 12:20:48 GMT" time="2.743" errors="0">
  <testcase name="Test_01" time="2.743" classname="com.smartusys.apitest.WeatherGetRequest"/>
</testsuite> <!-- com.smartusys.apitest.WeatherGetRequest -->
