<?xml version="1.0" encoding="UTF-8"?>
<!-- Generated by org.testng.reporters.JUnitReportReporter -->
<testsuite skipped="0" hostname="SUSLAP-2017-213" name="com.smartusys.apitest.SimpleGetTest" tests="3" failures="0" timestamp="14 Feb 2018 18:02:12 GMT" time="6.367" errors="0">
  <testcase name="GetWeatherStatusLine" time="1.164" classname="com.smartusys.apitest.SimpleGetTest"/>
  <testcase name="GetWeatherDetails" time="3.391" classname="com.smartusys.apitest.SimpleGetTest"/>
  <testcase name="GetWeatherDetailsInvalidCity" time="1.812" classname="com.smartusys.apitest.SimpleGetTest"/>
</testsuite> <!-- com.smartusys.apitest.SimpleGetTest -->
